2018-05-10 13:25:58.0002 [DEBUG] Validating model...
2018-05-10 13:25:58.1960 [DEBUG] Model validated
2018-05-10 13:25:58.1960 [DEBUG] Authenticating with server...
2018-05-10 13:25:58.5615 [DEBUG] Connected to room. (69148:SceneFusion:SceneFusion)
2018-05-10 13:25:58.5700 [INFO] Connected to server.
2018-05-10 13:25:58.5700 [DEBUG] OS : Microsoft Windows NT 10.0.16299.0
2018-05-10 13:25:58.5700 [DEBUG] Unity Version : 2017.3.1f1
2018-05-10 13:25:58.5700 [DEBUG] Pro License : False
2018-05-10 13:25:58.5705 [DEBUG] Platform : WindowsEditor
2018-05-10 13:25:58.5705 [DEBUG] Build Target : StandaloneWindows64
2018-05-10 13:25:58.5705 [DEBUG] Scene Fusion version : 1.7.2
2018-05-10 13:25:58.5710 [DEBUG] Scene Fusion client build : 1
2018-05-10 13:25:58.5710 [DEBUG] User : alexander.brierly.chramer@gmail.com
2018-05-10 13:25:58.5710 [DEBUG] Waiting for server response
2018-05-10 13:25:58.6387 [DEBUG] Tier: Scene Fusion Free, Permissions: 00000500
2018-05-10 13:25:58.6387 [DEBUG] User Permissions: FFFFFFFF
2018-05-10 13:25:58.7605 [DEBUG] No stand-in for UnityEngine.Video.VideoClip
2018-05-10 13:25:58.7605 [DEBUG] No stand-in for UnityEngine.AvatarMask
2018-05-10 13:25:58.7605 [DEBUG] No stand-in for UnityEngine.AI.NavMeshData
2018-05-10 13:25:58.7610 [DEBUG] No stand-in for UnityEngine.CustomRenderTexture
2018-05-10 13:25:58.7610 [DEBUG] No stand-in for UnityEngine.U2D.SpriteAtlas
2018-05-10 13:25:58.7610 [DEBUG] No stand-in for UnityEngine.Experimental.Rendering.RenderPassAttachment
2018-05-10 13:25:59.0322 [DEBUG] Uploading scene 'Level Concept 1'
2018-05-10 13:26:00.3104 [DEBUG] Compressing scene data
2018-05-10 13:26:01.7383 [DEBUG] Spawn request. (Objects: 395)
2018-05-10 13:26:01.7403 [DEBUG] Entity RPC. (Id: 1, Size: 13203, Reporting Threshold: 10000)
2018-05-10 13:26:02.3081 [DEBUG] Loading complete
2018-05-10 13:26:21.0051 [DEBUG] Spawn request. (Objects: 1)
2018-05-10 13:28:55.9537 [DEBUG] Spawn request. (Objects: 31)
2018-05-10 13:29:08.3427 [DEBUG] Spawn request. (Objects: 31)
2018-05-10 13:29:21.8293 [DEBUG] Refresh token (qajENQziIYdwAF6qLxSEu8X8rAo0acYZAfzBAsLcoaGIB4YRqhLoe74A4gnoxPdP1nEWhTQBt8Ls2gd31Ajn70abQwmWjojqm6AqJxG5lAnU8yXAS7rhyTHHSfpfsggz2NlYOu2EHJIaCx2ayw9T2inZ7I8yp4YjdYwsfFSKdWd7709H7xh3mTDo4OLW7hW8sqlm1TbxKIdRPfCwFotZegLpINLoGHjfhkr6ifdYcQ3TDhZYC7m4uXTfWCTHbwd) error: {"err":"Error getting response stream (ReadDone2): ReceiveFailure"}
