2018-05-10 13:23:39.8196 [DEBUG] Validating model...
2018-05-10 13:23:40.0192 [DEBUG] Model validated
2018-05-10 13:23:40.0192 [DEBUG] Authenticating with server...
2018-05-10 13:23:40.3841 [DEBUG] Connected to room. (69147:SceneFusion:SceneFusion)
2018-05-10 13:23:40.3862 [INFO] Connected to server.
2018-05-10 13:23:40.3862 [DEBUG] OS : Microsoft Windows NT 10.0.16299.0
2018-05-10 13:23:40.3862 [DEBUG] Unity Version : 2017.3.1f1
2018-05-10 13:23:40.3867 [DEBUG] Pro License : False
2018-05-10 13:23:40.3867 [DEBUG] Platform : WindowsEditor
2018-05-10 13:23:40.3867 [DEBUG] Build Target : StandaloneWindows64
2018-05-10 13:23:40.3867 [DEBUG] Scene Fusion version : 1.7.2
2018-05-10 13:23:40.3872 [DEBUG] Scene Fusion client build : 1
2018-05-10 13:23:40.3872 [DEBUG] User : alexander.brierly.chramer@gmail.com
2018-05-10 13:23:40.3872 [DEBUG] Waiting for server response
2018-05-10 13:23:40.4533 [DEBUG] Tier: Scene Fusion Free, Permissions: 00000500
2018-05-10 13:23:40.4533 [DEBUG] User Permissions: FFFFFFFF
2018-05-10 13:23:40.7301 [DEBUG] No stand-in for UnityEngine.Video.VideoClip
2018-05-10 13:23:40.7301 [DEBUG] No stand-in for UnityEngine.AvatarMask
2018-05-10 13:23:40.7301 [DEBUG] No stand-in for UnityEngine.AI.NavMeshData
2018-05-10 13:23:40.7301 [DEBUG] No stand-in for UnityEngine.CustomRenderTexture
2018-05-10 13:23:40.7301 [DEBUG] No stand-in for UnityEngine.U2D.SpriteAtlas
2018-05-10 13:23:40.7301 [DEBUG] No stand-in for UnityEngine.Experimental.Rendering.RenderPassAttachment
2018-05-10 13:23:41.1251 [DEBUG] Uploading scene 'Level Concept 1'
2018-05-10 13:23:42.3304 [DEBUG] Compressing scene data
2018-05-10 13:23:43.8540 [DEBUG] Spawn request. (Objects: 395)
2018-05-10 13:23:43.8580 [DEBUG] Entity RPC. (Id: 1, Size: 13203, Reporting Threshold: 10000)
2018-05-10 13:23:44.4214 [DEBUG] Loading complete
2018-05-10 13:23:49.4409 [DEBUG] Spawn request. (Objects: 1)
2018-05-10 13:24:08.0865 [DEBUG] Disconnecting from room (69147:SceneFusion:SceneFusion)
2018-05-10 13:24:08.0895 [INFO] Disconnected from server.
2018-05-10 13:24:08.0895 [DEBUG] Disconnect. (Duration: -42)
