2018-05-10 11:53:15.0856 [DEBUG] Scene Fusion version 1.7.2-1
2018-05-10 11:53:15.0947 [INFO] Setting define symbol SCENE_FUSION
2018-05-10 11:53:22.1093 [DEBUG] Scene Fusion version 1.7.2-1
2018-05-10 12:00:08.8467 [DEBUG] Scene Fusion version 1.7.2-1
2018-05-10 12:07:03.9960 [DEBUG] Scene Fusion version 1.7.2-1
2018-05-10 12:07:04.0216 [INFO] Setting define symbol SCENE_FUSION
2018-05-10 12:07:10.7170 [DEBUG] Scene Fusion version 1.7.2-1
2018-05-10 12:07:40.8314 [DEBUG] Web request login error: Invalid credentials
2018-05-10 12:09:32.7033 [INFO] Launching Scene: Level Concept 1
2018-05-10 12:09:33.6678 [DEBUG] Connecting
2018-05-10 12:09:33.6919 [DEBUG] Connecting to room (69133:SceneFusion:SceneFusion) via TCP at ec2-35-162-237-97.us-west-2.compute.amazonaws.com:1025
2018-05-10 12:59:35.6780 [DEBUG] Scene Fusion version 1.7.2-1
2018-05-10 12:59:42.3714 [DEBUG] Scene Fusion version 1.7.2-1
2018-05-10 13:09:14.6901 [DEBUG] Scene Fusion version 1.7.2-1
2018-05-10 13:09:14.9471 [DEBUG] Play mode: True, sync in play mode: False
2018-05-10 13:09:16.3932 [DEBUG] Play mode: False
2018-05-10 13:10:14.5365 [DEBUG] Scene Fusion version 1.7.2-1
2018-05-10 13:10:14.6696 [DEBUG] Play mode: True, sync in play mode: False
2018-05-10 13:10:18.3298 [DEBUG] Play mode: False
2018-05-10 13:10:26.5562 [DEBUG] Scene Fusion version 1.7.2-1
2018-05-10 13:10:26.6742 [DEBUG] Play mode: True, sync in play mode: False
2018-05-10 13:10:38.6449 [DEBUG] Play mode: False
